[02-Jun-2019 22:10:45 Europe/Stockholm] PHP Warning:  require(../public/upload.php): failed to open stream: No such file or directory in /storage/content/31/109931/site.mantorpgym.se/public_html/index.php on line 95
[02-Jun-2019 22:10:45 Europe/Stockholm] PHP Fatal error:  require(): Failed opening required '../public/upload.php' (include_path='.:/usr/local/php73/lib/php:/storage/content/31/109931/pear/php') in /storage/content/31/109931/site.mantorpgym.se/public_html/index.php on line 95
[02-Jun-2019 22:17:53 Europe/Stockholm] PHP Warning:  require(../public/upload.php): failed to open stream: No such file or directory in /storage/content/31/109931/site.mantorpgym.se/public_html/index.php on line 95
[02-Jun-2019 22:17:53 Europe/Stockholm] PHP Fatal error:  require(): Failed opening required '../public/upload.php' (include_path='.:/usr/local/php73/lib/php:/storage/content/31/109931/pear/php') in /storage/content/31/109931/site.mantorpgym.se/public_html/index.php on line 95
[02-Jun-2019 22:19:44 Europe/Stockholm] PHP Warning:  require(../public/upload.php): failed to open stream: No such file or directory in /storage/content/31/109931/site.mantorpgym.se/public_html/index.php on line 95
[02-Jun-2019 22:19:44 Europe/Stockholm] PHP Fatal error:  require(): Failed opening required '../public/upload.php' (include_path='.:/usr/local/php73/lib/php:/storage/content/31/109931/pear/php') in /storage/content/31/109931/site.mantorpgym.se/public_html/index.php on line 95
[02-Jun-2019 22:48:12 Europe/Stockholm] PHP Warning:  unlink(): open_basedir restriction in effect. File(/home/ubuntu/workspace/public/) is not within the allowed path(s): (/storage/content/31/109931/site.mantorpgym.se/:/storage/configuration/wrappers/31/109931/site.mantorpgym.se/:/tmp/) in /storage/content/31/109931/site.mantorpgym.se/app/backend/actions/deleteNewsAction.php on line 15
[04-Jun-2019 21:23:21 Europe/Stockholm] PHP Warning:  require(../public/upload.php): failed to open stream: No such file or directory in /storage/content/31/109931/site.mantorpgym.se/public_html/index.php on line 95
[04-Jun-2019 21:23:21 Europe/Stockholm] PHP Fatal error:  require(): Failed opening required '../public/upload.php' (include_path='.:/usr/local/php73/lib/php:/storage/content/31/109931/pear/php') in /storage/content/31/109931/site.mantorpgym.se/public_html/index.php on line 95
[04-Jun-2019 21:23:59 Europe/Stockholm] PHP Warning:  require(../public/upload.php): failed to open stream: No such file or directory in /storage/content/31/109931/site.mantorpgym.se/public_html/index.php on line 95
[04-Jun-2019 21:23:59 Europe/Stockholm] PHP Fatal error:  require(): Failed opening required '../public/upload.php' (include_path='.:/usr/local/php73/lib/php:/storage/content/31/109931/pear/php') in /storage/content/31/109931/site.mantorpgym.se/public_html/index.php on line 95
[04-Jun-2019 21:24:24 Europe/Stockholm] PHP Warning:  require(../public/upload.php): failed to open stream: No such file or directory in /storage/content/31/109931/site.mantorpgym.se/public_html/index.php on line 95
[04-Jun-2019 21:24:24 Europe/Stockholm] PHP Fatal error:  require(): Failed opening required '../public/upload.php' (include_path='.:/usr/local/php73/lib/php:/storage/content/31/109931/pear/php') in /storage/content/31/109931/site.mantorpgym.se/public_html/index.php on line 95
[04-Jun-2019 21:31:41 Europe/Stockholm] PHP Warning:  unlink(): open_basedir restriction in effect. File(/home/ubuntu/workspace/public/uploads/1003130.jpg) is not within the allowed path(s): (/storage/content/31/109931/site.mantorpgym.se/:/storage/configuration/wrappers/31/109931/site.mantorpgym.se/:/tmp/) in /storage/content/31/109931/site.mantorpgym.se/app/backend/actions/deleteNewsAction.php on line 15
[05-Jun-2019 09:45:28 Europe/Stockholm] PHP Warning:  unlink(): open_basedir restriction in effect. File(/home/ubuntu/workspace/public/uploads/apa.png) is not within the allowed path(s): (/storage/content/31/109931/site.mantorpgym.se/:/storage/configuration/wrappers/31/109931/site.mantorpgym.se/:/tmp/) in /storage/content/31/109931/site.mantorpgym.se/app/backend/actions/deleteNewsAction.php on line 15
[26-Jun-2019 16:17:19 Europe/Stockholm] PHP Warning:  unlink(): open_basedir restriction in effect. File(/home/ubuntu/workspace/public/) is not within the allowed path(s): (/storage/content/31/109931/site.mantorpgym.se/:/storage/configuration/wrappers/31/109931/site.mantorpgym.se/:/tmp/) in /storage/content/31/109931/site.mantorpgym.se/app/backend/actions/deleteNewsAction.php on line 15
[21-Jul-2019 19:02:07 Europe/Stockholm] PHP Warning:  unlink(): open_basedir restriction in effect. File(/home/ubuntu/workspace/public/uploads/DSC_7881.png) is not within the allowed path(s): (/storage/content/31/109931/site.mantorpgym.se/:/storage/configuration/wrappers/31/109931/site.mantorpgym.se/:/tmp/) in /storage/content/31/109931/site.mantorpgym.se/app/backend/actions/deleteNewsAction.php on line 15
[21-Jul-2019 19:04:29 Europe/Stockholm] PHP Warning:  unlink(): open_basedir restriction in effect. File(/home/ubuntu/workspace/public/uploads/IMG_92505996.jpg) is not within the allowed path(s): (/storage/content/31/109931/site.mantorpgym.se/:/storage/configuration/wrappers/31/109931/site.mantorpgym.se/:/tmp/) in /storage/content/31/109931/site.mantorpgym.se/app/backend/actions/deleteImgAction.php on line 14
[21-Jul-2019 19:04:29 Europe/Stockholm] PHP Warning:  unlink(): open_basedir restriction in effect. File(/home/ubuntu/workspace/public/uploads/IMG_9255.jpg) is not within the allowed path(s): (/storage/content/31/109931/site.mantorpgym.se/:/storage/configuration/wrappers/31/109931/site.mantorpgym.se/:/tmp/) in /storage/content/31/109931/site.mantorpgym.se/app/backend/actions/deleteImgAction.php on line 14
[21-Jul-2019 19:04:29 Europe/Stockholm] PHP Warning:  unlink(): open_basedir restriction in effect. File(/home/ubuntu/workspace/public/uploads/IMG_9264.jpg) is not within the allowed path(s): (/storage/content/31/109931/site.mantorpgym.se/:/storage/configuration/wrappers/31/109931/site.mantorpgym.se/:/tmp/) in /storage/content/31/109931/site.mantorpgym.se/app/backend/actions/deleteImgAction.php on line 14
[21-Jul-2019 19:04:29 Europe/Stockholm] PHP Warning:  unlink(): open_basedir restriction in effect. File(/home/ubuntu/workspace/public/uploads/IMG_92695795.jpg) is not within the allowed path(s): (/storage/content/31/109931/site.mantorpgym.se/:/storage/configuration/wrappers/31/109931/site.mantorpgym.se/:/tmp/) in /storage/content/31/109931/site.mantorpgym.se/app/backend/actions/deleteImgAction.php on line 14
[21-Jul-2019 19:04:29 Europe/Stockholm] PHP Warning:  unlink(): open_basedir restriction in effect. File(/home/ubuntu/workspace/public/uploads/IMG_9277176.jpg) is not within the allowed path(s): (/storage/content/31/109931/site.mantorpgym.se/:/storage/configuration/wrappers/31/109931/site.mantorpgym.se/:/tmp/) in /storage/content/31/109931/site.mantorpgym.se/app/backend/actions/deleteImgAction.php on line 14
[21-Jul-2019 19:04:29 Europe/Stockholm] PHP Warning:  unlink(): open_basedir restriction in effect. File(/home/ubuntu/workspace/public/uploads/IMG_92835744.jpg) is not within the allowed path(s): (/storage/content/31/109931/site.mantorpgym.se/:/storage/configuration/wrappers/31/109931/site.mantorpgym.se/:/tmp/) in /storage/content/31/109931/site.mantorpgym.se/app/backend/actions/deleteImgAction.php on line 14
[21-Jul-2019 19:04:29 Europe/Stockholm] PHP Warning:  unlink(): open_basedir restriction in effect. File(/home/ubuntu/workspace/public/uploads/IMG_9291805.jpg) is not within the allowed path(s): (/storage/content/31/109931/site.mantorpgym.se/:/storage/configuration/wrappers/31/109931/site.mantorpgym.se/:/tmp/) in /storage/content/31/109931/site.mantorpgym.se/app/backend/actions/deleteImgAction.php on line 14
[21-Jul-2019 19:04:29 Europe/Stockholm] PHP Warning:  unlink(): open_basedir restriction in effect. File(/home/ubuntu/workspace/public/uploads/IMG_92985.jpg) is not within the allowed path(s): (/storage/content/31/109931/site.mantorpgym.se/:/storage/configuration/wrappers/31/109931/site.mantorpgym.se/:/tmp/) in /storage/content/31/109931/site.mantorpgym.se/app/backend/actions/deleteImgAction.php on line 14
[21-Jul-2019 19:04:29 Europe/Stockholm] PHP Warning:  unlink(): open_basedir restriction in effect. File(/home/ubuntu/workspace/public/uploads/IMG_93067844.jpg) is not within the allowed path(s): (/storage/content/31/109931/site.mantorpgym.se/:/storage/configuration/wrappers/31/109931/site.mantorpgym.se/:/tmp/) in /storage/content/31/109931/site.mantorpgym.se/app/backend/actions/deleteImgAction.php on line 14
[21-Jul-2019 19:04:29 Europe/Stockholm] PHP Warning:  unlink(): open_basedir restriction in effect. File(/home/ubuntu/workspace/public/uploads/IMG_93168982.jpg) is not within the allowed path(s): (/storage/content/31/109931/site.mantorpgym.se/:/storage/configuration/wrappers/31/109931/site.mantorpgym.se/:/tmp/) in /storage/content/31/109931/site.mantorpgym.se/app/backend/actions/deleteImgAction.php on line 14
[21-Jul-2019 19:04:29 Europe/Stockholm] PHP Warning:  unlink(): open_basedir restriction in effect. File(/home/ubuntu/workspace/public/uploads/IMG_9301859.jpg) is not within the allowed path(s): (/storage/content/31/109931/site.mantorpgym.se/:/storage/configuration/wrappers/31/109931/site.mantorpgym.se/:/tmp/) in /storage/content/31/109931/site.mantorpgym.se/app/backend/actions/deleteImgAction.php on line 14
[21-Jul-2019 19:04:29 Europe/Stockholm] PHP Warning:  Cannot modify header information - headers already sent by (output started at /storage/content/31/109931/site.mantorpgym.se/app/backend/actions/deleteImgAction.php:14) in /storage/content/31/109931/site.mantorpgym.se/app/backend/actions/deleteImgAction.php on line 22
[03-Sep-2019 11:57:28 Europe/Stockholm] PHP Warning:  unlink(): open_basedir restriction in effect. File(/home/ubuntu/workspace/public/) is not within the allowed path(s): (/storage/content/31/109931/site.mantorpgym.se/:/storage/configuration/wrappers/31/109931/site.mantorpgym.se/:/tmp/) in /storage/content/31/109931/site.mantorpgym.se/app/backend/actions/deleteNewsAction.php on line 15
[04-Sep-2019 13:27:43 Europe/Stockholm] PHP Warning:  unlink(): open_basedir restriction in effect. File(/home/ubuntu/workspace/public/) is not within the allowed path(s): (/storage/content/31/109931/site.mantorpgym.se/:/storage/configuration/wrappers/31/109931/site.mantorpgym.se/:/tmp/) in /storage/content/31/109931/site.mantorpgym.se/app/backend/actions/deleteNewsAction.php on line 15
[08-Sep-2019 22:39:54 Europe/Stockholm] PHP Warning:  Cannot modify header information - headers already sent by (output started at /storage/content/31/109931/site.mantorpgym.se/vendor/PHPMailer/src/SMTP.php:257) in /storage/content/31/109931/site.mantorpgym.se/app/backend/actions/sendEmail.php on line 41
[09-Sep-2019 12:33:30 Europe/Stockholm] PHP Warning:  Cannot modify header information - headers already sent by (output started at /storage/content/31/109931/site.mantorpgym.se/vendor/PHPMailer/src/SMTP.php:257) in /storage/content/31/109931/site.mantorpgym.se/app/backend/actions/sendEmail.php on line 41
[11-Sep-2019 15:50:18 Europe/Stockholm] PHP Warning:  unlink(): open_basedir restriction in effect. File(/home/ubuntu/workspace/public/uploads/27173d19c44746e94c8a9a1117a078d0.png) is not within the allowed path(s): (/storage/content/31/109931/site.mantorpgym.se/:/storage/configuration/wrappers/31/109931/site.mantorpgym.se/:/tmp/) in /storage/content/31/109931/site.mantorpgym.se/app/backend/actions/deleteNewsAction.php on line 15
[11-Sep-2019 15:54:26 Europe/Stockholm] PHP Warning:  unlink(): open_basedir restriction in effect. File(/home/ubuntu/workspace/public/uploads/27173d19c44746e94c8a9a1117a078d0987.jpg) is not within the allowed path(s): (/storage/content/31/109931/site.mantorpgym.se/:/storage/configuration/wrappers/31/109931/site.mantorpgym.se/:/tmp/) in /storage/content/31/109931/site.mantorpgym.se/app/backend/actions/deleteNewsAction.php on line 15
[11-Sep-2019 15:58:06 Europe/Stockholm] PHP Warning:  unlink(): open_basedir restriction in effect. File(/home/ubuntu/workspace/public/uploads/27173d19c44746e94c8a9a1117a078d03992.jpg) is not within the allowed path(s): (/storage/content/31/109931/site.mantorpgym.se/:/storage/configuration/wrappers/31/109931/site.mantorpgym.se/:/tmp/) in /storage/content/31/109931/site.mantorpgym.se/app/backend/actions/deleteImgAction.php on line 14
[12-Sep-2019 11:43:48 Europe/Stockholm] PHP Fatal error:  Uncaught Error: Class 'PHPMailer\PHPMailer\Exception' not found in /storage/content/31/109931/site.mantorpgym.se/vendor/PHPMailer/src/PHPMailer.php:1025
Stack trace:
#0 /storage/content/31/109931/site.mantorpgym.se/vendor/PHPMailer/src/PHPMailer.php(949): PHPMailer\PHPMailer\PHPMailer->addOrEnqueueAnAddress('to', '', '')
#1 /storage/content/31/109931/site.mantorpgym.se/app/backend/actions/sendLink.php(38): PHPMailer\PHPMailer\PHPMailer->addAddress(NULL)
#2 /storage/content/31/109931/site.mantorpgym.se/public_html/index.php(104): require('/storage/conten...')
#3 {main}
  thrown in /storage/content/31/109931/site.mantorpgym.se/vendor/PHPMailer/src/PHPMailer.php on line 1025
[12-Sep-2019 11:44:15 Europe/Stockholm] PHP Fatal error:  Uncaught Error: Class 'PHPMailer\PHPMailer\Exception' not found in /storage/content/31/109931/site.mantorpgym.se/vendor/PHPMailer/src/PHPMailer.php:1025
Stack trace:
#0 /storage/content/31/109931/site.mantorpgym.se/vendor/PHPMailer/src/PHPMailer.php(949): PHPMailer\PHPMailer\PHPMailer->addOrEnqueueAnAddress('to', '', '')
#1 /storage/content/31/109931/site.mantorpgym.se/app/backend/actions/sendLink.php(38): PHPMailer\PHPMailer\PHPMailer->addAddress(NULL)
#2 /storage/content/31/109931/site.mantorpgym.se/public_html/index.php(104): require('/storage/conten...')
#3 {main}
  thrown in /storage/content/31/109931/site.mantorpgym.se/vendor/PHPMailer/src/PHPMailer.php on line 1025
[18-Sep-2019 16:23:01 Europe/Stockholm] PHP Warning:  Cannot modify header information - headers already sent by (output started at /storage/content/31/109931/site.mantorpgym.se/vendor/PHPMailer/src/SMTP.php:257) in /storage/content/31/109931/site.mantorpgym.se/app/backend/actions/sendEmail.php on line 41
[18-Sep-2019 16:23:17 Europe/Stockholm] PHP Fatal error:  Uncaught Error: Class 'PHPMailer\PHPMailer\Exception' not found in /storage/content/31/109931/site.mantorpgym.se/vendor/PHPMailer/src/PHPMailer.php:1025
Stack trace:
#0 /storage/content/31/109931/site.mantorpgym.se/vendor/PHPMailer/src/PHPMailer.php(994): PHPMailer\PHPMailer\PHPMailer->addOrEnqueueAnAddress('Reply-To', '', '')
#1 /storage/content/31/109931/site.mantorpgym.se/app/backend/actions/sendEmail.php(31): PHPMailer\PHPMailer\PHPMailer->addReplyTo('', '')
#2 /storage/content/31/109931/site.mantorpgym.se/public_html/index.php(98): require('/storage/conten...')
#3 {main}
  thrown in /storage/content/31/109931/site.mantorpgym.se/vendor/PHPMailer/src/PHPMailer.php on line 1025
[19-Sep-2019 15:24:57 Europe/Stockholm] PHP Fatal error:  Uncaught Error: Class 'PHPMailer\PHPMailer\Exception' not found in /storage/content/31/109931/site.mantorpgym.se/vendor/PHPMailer/src/PHPMailer.php:1025
Stack trace:
#0 /storage/content/31/109931/site.mantorpgym.se/vendor/PHPMailer/src/PHPMailer.php(949): PHPMailer\PHPMailer\PHPMailer->addOrEnqueueAnAddress('to', '', '')
#1 /storage/content/31/109931/site.mantorpgym.se/app/backend/actions/sendLink.php(38): PHPMailer\PHPMailer\PHPMailer->addAddress(NULL)
#2 /storage/content/31/109931/site.mantorpgym.se/public_html/index.php(104): require('/storage/conten...')
#3 {main}
  thrown in /storage/content/31/109931/site.mantorpgym.se/vendor/PHPMailer/src/PHPMailer.php on line 1025
[21-Sep-2019 21:46:39 Europe/Stockholm] PHP Warning:  Cannot modify header information - headers already sent by (output started at /storage/content/31/109931/site.mantorpgym.se/vendor/PHPMailer/src/SMTP.php:257) in /storage/content/31/109931/site.mantorpgym.se/app/backend/actions/sendEmail.php on line 41
[23-Sep-2019 20:28:36 Europe/Stockholm] PHP Warning:  Cannot modify header information - headers already sent by (output started at /storage/content/31/109931/site.mantorpgym.se/vendor/PHPMailer/src/SMTP.php:254) in /storage/content/31/109931/site.mantorpgym.se/app/backend/actions/sendEmail.php on line 41
[26-Sep-2019 14:55:29 Europe/Stockholm] PHP Warning:  Cannot modify header information - headers already sent by (output started at /storage/content/31/109931/site.mantorpgym.se/vendor/PHPMailer/src/SMTP.php:257) in /storage/content/31/109931/site.mantorpgym.se/app/backend/actions/sendEmail.php on line 41
[28-Sep-2019 15:31:37 Europe/Stockholm] PHP Warning:  Cannot modify header information - headers already sent by (output started at /storage/content/31/109931/site.mantorpgym.se/vendor/PHPMailer/src/SMTP.php:254) in /storage/content/31/109931/site.mantorpgym.se/app/backend/actions/sendEmail.php on line 41
[29-Sep-2019 11:13:13 Europe/Stockholm] PHP Warning:  Cannot modify header information - headers already sent by (output started at /storage/content/31/109931/site.mantorpgym.se/vendor/PHPMailer/src/SMTP.php:257) in /storage/content/31/109931/site.mantorpgym.se/app/backend/actions/sendEmail.php on line 41
[29-Sep-2019 11:13:43 Europe/Stockholm] PHP Warning:  Cannot modify header information - headers already sent by (output started at /storage/content/31/109931/site.mantorpgym.se/vendor/PHPMailer/src/SMTP.php:257) in /storage/content/31/109931/site.mantorpgym.se/app/backend/actions/sendEmail.php on line 41
[30-Sep-2019 13:47:43 Europe/Stockholm] PHP Warning:  unlink(): open_basedir restriction in effect. File(/home/ubuntu/workspace/public/uploads/100.jpg) is not within the allowed path(s): (/storage/content/31/109931/site.mantorpgym.se/:/storage/configuration/wrappers/31/109931/site.mantorpgym.se/:/tmp/) in /storage/content/31/109931/site.mantorpgym.se/app/backend/actions/deleteNewsAction.php on line 15
[30-Sep-2019 14:11:46 Europe/Stockholm] PHP Warning:  unlink(): open_basedir restriction in effect. File(/home/ubuntu/workspace/public/uploads/kettlebells.png) is not within the allowed path(s): (/storage/content/31/109931/site.mantorpgym.se/:/storage/configuration/wrappers/31/109931/site.mantorpgym.se/:/tmp/) in /storage/content/31/109931/site.mantorpgym.se/app/backend/actions/deleteNewsAction.php on line 15
[30-Sep-2019 20:34:54 Europe/Stockholm] PHP Warning:  Cannot modify header information - headers already sent by (output started at /storage/content/31/109931/site.mantorpgym.se/vendor/PHPMailer/src/SMTP.php:257) in /storage/content/31/109931/site.mantorpgym.se/app/backend/actions/sendEmail.php on line 41
[30-Sep-2019 20:35:51 Europe/Stockholm] PHP Warning:  Cannot modify header information - headers already sent by (output started at /storage/content/31/109931/site.mantorpgym.se/vendor/PHPMailer/src/SMTP.php:257) in /storage/content/31/109931/site.mantorpgym.se/app/backend/actions/sendEmail.php on line 41
[04-Oct-2019 11:27:52 Europe/Stockholm] PHP Warning:  Cannot modify header information - headers already sent by (output started at /storage/content/31/109931/site.mantorpgym.se/vendor/PHPMailer/src/SMTP.php:257) in /storage/content/31/109931/site.mantorpgym.se/app/backend/actions/sendEmail.php on line 41
[07-Oct-2019 10:21:48 Europe/Stockholm] PHP Warning:  Cannot modify header information - headers already sent by (output started at /storage/content/31/109931/site.mantorpgym.se/vendor/PHPMailer/src/SMTP.php:257) in /storage/content/31/109931/site.mantorpgym.se/app/backend/actions/sendEmail.php on line 41
[07-Oct-2019 12:37:53 Europe/Stockholm] PHP Warning:  unlink(): open_basedir restriction in effect. File(/home/ubuntu/workspace/public/uploads/10353706_708136112605332_1050174509074760613_n7676.jpg) is not within the allowed path(s): (/storage/content/31/109931/site.mantorpgym.se/:/storage/configuration/wrappers/31/109931/site.mantorpgym.se/:/tmp/) in /storage/content/31/109931/site.mantorpgym.se/app/backend/actions/deleteNewsAction.php on line 15
[08-Oct-2019 11:35:56 Europe/Stockholm] PHP Warning:  Cannot modify header information - headers already sent by (output started at /storage/content/31/109931/site.mantorpgym.se/vendor/PHPMailer/src/SMTP.php:257) in /storage/content/31/109931/site.mantorpgym.se/app/backend/actions/sendEmail.php on line 41
[09-Oct-2019 17:25:58 Europe/Stockholm] PHP Warning:  Cannot modify header information - headers already sent by (output started at /storage/content/31/109931/site.mantorpgym.se/vendor/PHPMailer/src/SMTP.php:254) in /storage/content/31/109931/site.mantorpgym.se/app/backend/actions/sendEmail.php on line 41
[10-Oct-2019 07:31:23 Europe/Stockholm] PHP Warning:  Cannot modify header information - headers already sent by (output started at /storage/content/31/109931/site.mantorpgym.se/vendor/PHPMailer/src/SMTP.php:257) in /storage/content/31/109931/site.mantorpgym.se/app/backend/actions/sendEmail.php on line 41
[11-Oct-2019 11:38:26 Europe/Stockholm] PHP Warning:  Cannot modify header information - headers already sent by (output started at /storage/content/31/109931/site.mantorpgym.se/vendor/PHPMailer/src/SMTP.php:258) in /storage/content/31/109931/site.mantorpgym.se/app/backend/actions/sendEmail.php on line 41
[11-Oct-2019 11:43:23 Europe/Stockholm] PHP Warning:  Cannot modify header information - headers already sent by (output started at /storage/content/31/109931/site.mantorpgym.se/vendor/PHPMailer/src/SMTP.php:254) in /storage/content/31/109931/site.mantorpgym.se/app/backend/actions/sendEmail.php on line 41
[12-Oct-2019 21:48:13 Europe/Stockholm] PHP Warning:  Cannot modify header information - headers already sent by (output started at /storage/content/31/109931/site.mantorpgym.se/vendor/PHPMailer/src/SMTP.php:257) in /storage/content/31/109931/site.mantorpgym.se/app/backend/actions/sendEmail.php on line 41
[15-Oct-2019 15:32:18 Europe/Stockholm] PHP Warning:  Cannot modify header information - headers already sent by (output started at /storage/content/31/109931/site.mantorpgym.se/vendor/PHPMailer/src/SMTP.php:257) in /storage/content/31/109931/site.mantorpgym.se/app/backend/actions/sendEmail.php on line 41
[15-Oct-2019 15:32:54 Europe/Stockholm] PHP Warning:  Cannot modify header information - headers already sent by (output started at /storage/content/31/109931/site.mantorpgym.se/vendor/PHPMailer/src/SMTP.php:257) in /storage/content/31/109931/site.mantorpgym.se/app/backend/actions/sendEmail.php on line 41
[15-Oct-2019 19:58:56 Europe/Stockholm] PHP Warning:  Cannot modify header information - headers already sent by (output started at /storage/content/31/109931/site.mantorpgym.se/vendor/PHPMailer/src/SMTP.php:257) in /storage/content/31/109931/site.mantorpgym.se/app/backend/actions/sendEmail.php on line 41
